2025-05-17 13:46:40.298 [info] [main] Log level: Info
2025-05-17 13:46:40.298 [info] [main] Validating found git in: "git"
2025-05-17 13:46:40.298 [info] [main] Using git "2.48.1" from "git"
2025-05-17 13:46:40.298 [info] [Model][doInitialScan] Initial repository scan started
2025-05-17 13:46:40.298 [info] > git rev-parse --show-toplevel [3ms]
2025-05-17 13:46:40.299 [info] > git rev-parse --git-dir --git-common-dir [1ms]
2025-05-17 13:46:40.303 [info] [Model][openRepository] Opened repository (path): /home/tyler/.config
2025-05-17 13:46:40.304 [info] [Model][openRepository] Opened repository (real path): /home/tyler/.config
2025-05-17 13:46:40.309 [info] > git config --get commit.template [1ms]
2025-05-17 13:46:40.326 [info] > git for-each-ref --format=%(refname)%00%(upstream:short)%00%(objectname)%00%(upstream:track)%00%(upstream:remotename)%00%(upstream:remoteref) refs/heads/main refs/remotes/main [13ms]
2025-05-17 13:46:40.337 [warning] [Git][revParse] Unable to read file: ENOENT: no such file or directory, open '/home/tyler/.config/.git/refs/remotes/origin/main'
2025-05-17 13:46:40.338 [info] > git rev-parse refs/remotes/origin/main [1ms]
2025-05-17 13:46:40.345 [info] > git status -z -uall [4ms]
2025-05-17 13:46:40.346 [info] > git for-each-ref --sort -committerdate --format %(refname)%00%(objectname)%00%(*objectname) [1ms]
2025-05-17 13:46:40.362 [info] > git for-each-ref --format=%(refname)%00%(upstream:short)%00%(objectname)%00%(upstream:track)%00%(upstream:remotename)%00%(upstream:remoteref) refs/heads/main refs/remotes/main [4ms]
2025-05-17 13:46:40.370 [info] > git config --get --local branch.main.vscode-merge-base [4ms]
2025-05-17 13:46:40.371 [warning] [Git][config] git config failed: Failed to execute git
2025-05-17 13:46:40.374 [info] > git config --get commit.template [12ms]
2025-05-17 13:46:40.375 [info] > git rev-parse --show-toplevel [5ms]
2025-05-17 13:46:40.382 [info] > git for-each-ref --format=%(refname)%00%(upstream:short)%00%(objectname)%00%(upstream:track)%00%(upstream:remotename)%00%(upstream:remoteref) refs/heads/main refs/remotes/main [4ms]
2025-05-17 13:46:40.382 [info] > git reflog main --grep-reflog=branch: Created from *. [8ms]
2025-05-17 13:46:40.388 [warning] [Git][revParse] Unable to read file: ENOENT: no such file or directory, open '/home/tyler/.config/.git/refs/remotes/origin/main'
2025-05-17 13:46:40.388 [info] > git rev-parse --show-toplevel [7ms]
2025-05-17 13:46:40.391 [info] > git symbolic-ref --short refs/remotes/origin/HEAD [6ms]
2025-05-17 13:46:40.394 [info] > git rev-parse --show-toplevel [3ms]
2025-05-17 13:46:40.394 [info] > git rev-parse refs/remotes/origin/main [6ms]
2025-05-17 13:46:40.415 [info] > git status -z -uall [18ms]
2025-05-17 13:46:40.415 [info] > git for-each-ref --sort -committerdate --format %(refname)%00%(objectname)%00%(*objectname) [15ms]
2025-05-17 13:46:40.421 [info] > git for-each-ref --format=%(refname)%00%(upstream:short)%00%(objectname)%00%(upstream:track)%00%(upstream:remotename)%00%(upstream:remoteref) refs/heads/origin/main refs/remotes/origin/main [27ms]
2025-05-17 13:46:40.425 [info] > git for-each-ref --format=%(refname)%00%(upstream:short)%00%(objectname)%00%(upstream:track)%00%(upstream:remotename)%00%(upstream:remoteref) refs/heads/main refs/remotes/main [4ms]
2025-05-17 13:46:40.428 [info] > git rev-parse --show-toplevel [14ms]
2025-05-17 13:46:40.432 [info] > git config --get --local branch.main.vscode-merge-base [4ms]
2025-05-17 13:46:40.436 [info] > git config --add --local branch.main.vscode-merge-base origin/main [12ms]
2025-05-17 13:46:40.439 [info] > git rev-parse --show-toplevel [7ms]
2025-05-17 13:46:40.442 [info] > git for-each-ref --format=%(refname)%00%(upstream:short)%00%(objectname)%00%(upstream:track)%00%(upstream:remotename)%00%(upstream:remoteref) refs/heads/origin/main refs/remotes/origin/main [6ms]
2025-05-17 13:46:40.446 [info] > git rev-parse --show-toplevel [4ms]
2025-05-17 13:46:40.447 [info] > git config --get commit.template [8ms]
2025-05-17 13:46:40.453 [info] > git for-each-ref --format=%(refname)%00%(upstream:short)%00%(objectname)%00%(upstream:track)%00%(upstream:remotename)%00%(upstream:remoteref) refs/heads/main refs/remotes/main [3ms]
2025-05-17 13:46:40.453 [info] > git merge-base refs/heads/main refs/remotes/origin/main [7ms]
2025-05-17 13:46:40.459 [warning] [Git][revParse] Unable to read file: ENOENT: no such file or directory, open '/home/tyler/.config/.git/refs/remotes/origin/main'
2025-05-17 13:46:40.459 [info] > git rev-parse --show-toplevel [7ms]
2025-05-17 13:46:40.462 [info] > git diff --name-status -z --diff-filter=ADMR ab00f99b4b54f595e009ec8a9389e952741e7e3d...refs/remotes/origin/main [6ms]
2025-05-17 13:46:40.463 [info] > git rev-parse refs/remotes/origin/main [4ms]
2025-05-17 13:46:40.469 [info] > git status -z -uall [3ms]
2025-05-17 13:46:40.469 [info] > git rev-parse --show-toplevel [7ms]
2025-05-17 13:46:40.473 [info] > git for-each-ref --sort -committerdate --format %(refname)%00%(objectname)%00%(*objectname) [4ms]
2025-05-17 13:46:40.474 [info] > git rev-parse --show-toplevel [1ms]
2025-05-17 13:46:40.479 [info] > git rev-parse --show-toplevel [0ms]
2025-05-17 13:46:40.482 [info] > git rev-parse --show-toplevel [0ms]
2025-05-17 13:46:40.486 [info] > git rev-parse --show-toplevel [1ms]
2025-05-17 13:46:40.490 [info] > git rev-parse --show-toplevel [1ms]
2025-05-17 13:46:40.494 [info] > git rev-parse --show-toplevel [1ms]
2025-05-17 13:46:40.498 [info] > git rev-parse --show-toplevel [1ms]
2025-05-17 13:46:40.502 [info] > git rev-parse --show-toplevel [1ms]
2025-05-17 13:46:40.505 [info] > git rev-parse --show-toplevel [0ms]
2025-05-17 13:46:40.509 [info] > git rev-parse --show-toplevel [1ms]
2025-05-17 13:46:40.513 [info] > git rev-parse --show-toplevel [1ms]
2025-05-17 13:46:40.518 [info] > git rev-parse --show-toplevel [1ms]
2025-05-17 13:46:40.522 [info] > git rev-parse --show-toplevel [1ms]
2025-05-17 13:46:40.526 [info] > git rev-parse --show-toplevel [1ms]
2025-05-17 13:46:40.530 [info] > git rev-parse --show-toplevel [1ms]
2025-05-17 13:46:40.534 [info] > git rev-parse --show-toplevel [1ms]
2025-05-17 13:46:40.538 [info] > git rev-parse --show-toplevel [1ms]
2025-05-17 13:46:40.542 [info] > git rev-parse --show-toplevel [0ms]
2025-05-17 13:46:40.546 [info] > git rev-parse --show-toplevel [0ms]
2025-05-17 13:46:40.548 [info] [Model][doInitialScan] Initial repository scan completed - repositories (1), closed repositories (0), parent repositories (0), unsafe repositories (0)
2025-05-17 13:46:40.820 [info] > git check-ignore -v -z --stdin [1ms]
2025-05-17 13:46:40.979 [info] > git rev-parse --show-toplevel [1ms]
2025-05-17 13:46:42.620 [info] > git config --get commit.template [2ms]
2025-05-17 13:46:42.635 [info] > git for-each-ref --format=%(refname)%00%(upstream:short)%00%(objectname)%00%(upstream:track)%00%(upstream:remotename)%00%(upstream:remoteref) refs/heads/main refs/remotes/main [12ms]
2025-05-17 13:46:42.638 [warning] [Git][revParse] Unable to read file: ENOENT: no such file or directory, open '/home/tyler/.config/.git/refs/remotes/origin/main'
2025-05-17 13:46:42.639 [info] > git rev-parse refs/remotes/origin/main [1ms]
2025-05-17 13:46:42.645 [info] > git status -z -uall [3ms]
2025-05-17 13:46:42.646 [info] > git for-each-ref --sort -committerdate --format %(refname)%00%(objectname)%00%(*objectname) [1ms]
2025-05-17 13:46:43.151 [info] > git rev-parse --show-toplevel [1ms]
2025-05-17 13:46:46.418 [info] > git check-ignore -v -z --stdin [1ms]
2025-05-17 13:46:48.235 [info] > git config --get commit.template [3ms]
2025-05-17 13:46:48.236 [info] > git for-each-ref --format=%(refname)%00%(upstream:short)%00%(objectname)%00%(upstream:track)%00%(upstream:remotename)%00%(upstream:remoteref) refs/heads/main refs/remotes/main [1ms]
2025-05-17 13:46:48.239 [warning] [Git][revParse] Unable to read file: ENOENT: no such file or directory, open '/home/tyler/.config/.git/refs/remotes/origin/main'
2025-05-17 13:46:48.240 [info] > git rev-parse refs/remotes/origin/main [1ms]
2025-05-17 13:46:48.247 [info] > git status -z -uall [4ms]
2025-05-17 13:46:48.248 [info] > git for-each-ref --sort -committerdate --format %(refname)%00%(objectname)%00%(*objectname) [1ms]
2025-05-17 13:46:48.754 [info] > git rev-parse --show-toplevel [1ms]
2025-05-17 13:46:53.262 [info] > git config --get commit.template [3ms]
2025-05-17 13:46:53.262 [info] > git for-each-ref --format=%(refname)%00%(upstream:short)%00%(objectname)%00%(upstream:track)%00%(upstream:remotename)%00%(upstream:remoteref) refs/heads/main refs/remotes/main [1ms]
2025-05-17 13:46:53.266 [warning] [Git][revParse] Unable to read file: ENOENT: no such file or directory, open '/home/tyler/.config/.git/refs/remotes/origin/main'
2025-05-17 13:46:53.266 [info] > git rev-parse refs/remotes/origin/main [0ms]
2025-05-17 13:46:53.273 [info] > git status -z -uall [3ms]
2025-05-17 13:46:53.274 [info] > git for-each-ref --sort -committerdate --format %(refname)%00%(objectname)%00%(*objectname) [1ms]
2025-05-17 13:46:53.788 [info] > git rev-parse --show-toplevel [1ms]
2025-05-17 13:46:53.927 [info] > git show --textconv :README.md [5ms]
2025-05-17 13:46:53.934 [info] > git ls-files --stage -- README.md [8ms]
2025-05-17 13:46:53.949 [info] > git cat-file -s eba1104769549f9c16a1f89be756992f989a1825 [11ms]
2025-05-17 13:46:54.271 [info] > git blame --root --incremental ab00f99b4b54f595e009ec8a9389e952741e7e3d -- README.md [1ms]
2025-05-17 13:46:58.285 [info] > git config --get commit.template [4ms]
2025-05-17 13:46:58.286 [info] > git for-each-ref --format=%(refname)%00%(upstream:short)%00%(objectname)%00%(upstream:track)%00%(upstream:remotename)%00%(upstream:remoteref) refs/heads/main refs/remotes/main [1ms]
2025-05-17 13:46:58.289 [warning] [Git][revParse] Unable to read file: ENOENT: no such file or directory, open '/home/tyler/.config/.git/refs/remotes/origin/main'
2025-05-17 13:46:58.290 [info] > git rev-parse refs/remotes/origin/main [1ms]
2025-05-17 13:46:58.297 [info] > git status -z -uall [4ms]
2025-05-17 13:46:58.297 [info] > git for-each-ref --sort -committerdate --format %(refname)%00%(objectname)%00%(*objectname) [1ms]
2025-05-17 13:46:58.803 [info] > git rev-parse --show-toplevel [1ms]
2025-05-17 13:47:03.550 [info] > git config --get commit.template [5ms]
2025-05-17 13:47:03.550 [info] > git for-each-ref --format=%(refname)%00%(upstream:short)%00%(objectname)%00%(upstream:track)%00%(upstream:remotename)%00%(upstream:remoteref) refs/heads/main refs/remotes/main [1ms]
2025-05-17 13:47:03.554 [warning] [Git][revParse] Unable to read file: ENOENT: no such file or directory, open '/home/tyler/.config/.git/refs/remotes/origin/main'
2025-05-17 13:47:03.555 [info] > git rev-parse refs/remotes/origin/main [1ms]
2025-05-17 13:47:03.563 [info] > git status -z -uall [4ms]
2025-05-17 13:47:03.564 [info] > git for-each-ref --sort -committerdate --format %(refname)%00%(objectname)%00%(*objectname) [1ms]
2025-05-17 13:47:04.070 [info] > git rev-parse --show-toplevel [1ms]
2025-05-17 13:47:08.574 [info] > git config --get commit.template [4ms]
2025-05-17 13:47:08.574 [info] > git for-each-ref --format=%(refname)%00%(upstream:short)%00%(objectname)%00%(upstream:track)%00%(upstream:remotename)%00%(upstream:remoteref) refs/heads/main refs/remotes/main [0ms]
2025-05-17 13:47:08.578 [warning] [Git][revParse] Unable to read file: ENOENT: no such file or directory, open '/home/tyler/.config/.git/refs/remotes/origin/main'
2025-05-17 13:47:08.578 [info] > git rev-parse refs/remotes/origin/main [0ms]
2025-05-17 13:47:08.585 [info] > git status -z -uall [4ms]
2025-05-17 13:47:08.586 [info] > git for-each-ref --sort -committerdate --format %(refname)%00%(objectname)%00%(*objectname) [1ms]
2025-05-17 13:47:09.091 [info] > git rev-parse --show-toplevel [0ms]
2025-05-17 13:47:14.998 [info] > git config --get commit.template [4ms]
2025-05-17 13:47:14.999 [info] > git for-each-ref --format=%(refname)%00%(upstream:short)%00%(objectname)%00%(upstream:track)%00%(upstream:remotename)%00%(upstream:remoteref) refs/heads/main refs/remotes/main [1ms]
2025-05-17 13:47:15.002 [warning] [Git][revParse] Unable to read file: ENOENT: no such file or directory, open '/home/tyler/.config/.git/refs/remotes/origin/main'
2025-05-17 13:47:15.002 [info] > git rev-parse refs/remotes/origin/main [0ms]
2025-05-17 13:47:15.009 [info] > git status -z -uall [4ms]
2025-05-17 13:47:15.010 [info] > git for-each-ref --sort -committerdate --format %(refname)%00%(objectname)%00%(*objectname) [1ms]
2025-05-17 13:47:15.515 [info] > git rev-parse --show-toplevel [1ms]
2025-05-17 13:48:02.027 [info] > git config --get commit.template [5ms]
2025-05-17 13:48:02.027 [info] > git for-each-ref --format=%(refname)%00%(upstream:short)%00%(objectname)%00%(upstream:track)%00%(upstream:remotename)%00%(upstream:remoteref) refs/heads/main refs/remotes/main [1ms]
2025-05-17 13:48:02.031 [warning] [Git][revParse] Unable to read file: ENOENT: no such file or directory, open '/home/tyler/.config/.git/refs/remotes/origin/main'
2025-05-17 13:48:02.032 [info] > git rev-parse refs/remotes/origin/main [1ms]
2025-05-17 13:48:02.040 [info] > git status -z -uall [4ms]
2025-05-17 13:48:02.041 [info] > git for-each-ref --sort -committerdate --format %(refname)%00%(objectname)%00%(*objectname) [1ms]
2025-05-17 13:48:02.546 [info] > git rev-parse --show-toplevel [1ms]
2025-05-17 13:48:07.052 [info] > git config --get commit.template [4ms]
2025-05-17 13:48:07.052 [info] > git for-each-ref --format=%(refname)%00%(upstream:short)%00%(objectname)%00%(upstream:track)%00%(upstream:remotename)%00%(upstream:remoteref) refs/heads/main refs/remotes/main [1ms]
2025-05-17 13:48:07.058 [warning] [Git][revParse] Unable to read file: ENOENT: no such file or directory, open '/home/tyler/.config/.git/refs/remotes/origin/main'
2025-05-17 13:48:07.059 [info] > git rev-parse refs/remotes/origin/main [1ms]
2025-05-17 13:48:07.066 [info] > git status -z -uall [4ms]
2025-05-17 13:48:07.066 [info] > git for-each-ref --sort -committerdate --format %(refname)%00%(objectname)%00%(*objectname) [0ms]
2025-05-17 13:48:07.571 [info] > git rev-parse --show-toplevel [0ms]
2025-05-17 13:48:13.857 [info] > git config --get commit.template [3ms]
2025-05-17 13:48:13.858 [info] > git for-each-ref --format=%(refname)%00%(upstream:short)%00%(objectname)%00%(upstream:track)%00%(upstream:remotename)%00%(upstream:remoteref) refs/heads/main refs/remotes/main [1ms]
2025-05-17 13:48:13.861 [warning] [Git][revParse] Unable to read file: ENOENT: no such file or directory, open '/home/tyler/.config/.git/refs/remotes/origin/main'
2025-05-17 13:48:13.862 [info] > git rev-parse refs/remotes/origin/main [1ms]
2025-05-17 13:48:13.869 [info] > git status -z -uall [4ms]
2025-05-17 13:48:13.869 [info] > git for-each-ref --sort -committerdate --format %(refname)%00%(objectname)%00%(*objectname) [1ms]
2025-05-17 13:48:14.375 [info] > git rev-parse --show-toplevel [1ms]
2025-05-17 13:48:33.390 [info] > git config --get commit.template [4ms]
2025-05-17 13:48:33.391 [info] > git for-each-ref --format=%(refname)%00%(upstream:short)%00%(objectname)%00%(upstream:track)%00%(upstream:remotename)%00%(upstream:remoteref) refs/heads/main refs/remotes/main [1ms]
2025-05-17 13:48:33.394 [warning] [Git][revParse] Unable to read file: ENOENT: no such file or directory, open '/home/tyler/.config/.git/refs/remotes/origin/main'
2025-05-17 13:48:33.395 [info] > git rev-parse refs/remotes/origin/main [1ms]
2025-05-17 13:48:33.402 [info] > git status -z -uall [3ms]
2025-05-17 13:48:33.402 [info] > git for-each-ref --sort -committerdate --format %(refname)%00%(objectname)%00%(*objectname) [1ms]
2025-05-17 13:48:33.908 [info] > git rev-parse --show-toplevel [1ms]
2025-05-17 13:48:38.412 [info] > git config --get commit.template [4ms]
2025-05-17 13:48:38.412 [info] > git for-each-ref --format=%(refname)%00%(upstream:short)%00%(objectname)%00%(upstream:track)%00%(upstream:remotename)%00%(upstream:remoteref) refs/heads/main refs/remotes/main [0ms]
2025-05-17 13:48:38.416 [warning] [Git][revParse] Unable to read file: ENOENT: no such file or directory, open '/home/tyler/.config/.git/refs/remotes/origin/main'
2025-05-17 13:48:38.416 [info] > git rev-parse refs/remotes/origin/main [0ms]
2025-05-17 13:48:38.423 [info] > git status -z -uall [4ms]
2025-05-17 13:48:38.424 [info] > git for-each-ref --sort -committerdate --format %(refname)%00%(objectname)%00%(*objectname) [1ms]
2025-05-17 13:48:38.931 [info] > git rev-parse --show-toplevel [1ms]
2025-05-17 13:48:43.434 [info] > git config --get commit.template [4ms]
2025-05-17 13:48:43.435 [info] > git for-each-ref --format=%(refname)%00%(upstream:short)%00%(objectname)%00%(upstream:track)%00%(upstream:remotename)%00%(upstream:remoteref) refs/heads/main refs/remotes/main [1ms]
2025-05-17 13:48:43.441 [warning] [Git][revParse] Unable to read file: ENOENT: no such file or directory, open '/home/tyler/.config/.git/refs/remotes/origin/main'
2025-05-17 13:48:43.442 [info] > git rev-parse refs/remotes/origin/main [1ms]
2025-05-17 13:48:43.448 [info] > git status -z -uall [3ms]
2025-05-17 13:48:43.449 [info] > git for-each-ref --sort -committerdate --format %(refname)%00%(objectname)%00%(*objectname) [1ms]
2025-05-17 13:48:43.955 [info] > git rev-parse --show-toplevel [1ms]
2025-05-17 13:48:49.872 [info] > git config --get commit.template [4ms]
2025-05-17 13:48:49.873 [info] > git for-each-ref --format=%(refname)%00%(upstream:short)%00%(objectname)%00%(upstream:track)%00%(upstream:remotename)%00%(upstream:remoteref) refs/heads/main refs/remotes/main [1ms]
2025-05-17 13:48:49.876 [warning] [Git][revParse] Unable to read file: ENOENT: no such file or directory, open '/home/tyler/.config/.git/refs/remotes/origin/main'
2025-05-17 13:48:49.876 [info] > git rev-parse refs/remotes/origin/main [0ms]
2025-05-17 13:48:49.884 [info] > git status -z -uall [4ms]
2025-05-17 13:48:49.884 [info] > git for-each-ref --sort -committerdate --format %(refname)%00%(objectname)%00%(*objectname) [1ms]
2025-05-17 13:48:50.389 [info] > git rev-parse --show-toplevel [1ms]
2025-05-17 13:48:56.923 [info] > git config --get commit.template [3ms]
2025-05-17 13:48:56.924 [info] > git for-each-ref --format=%(refname)%00%(upstream:short)%00%(objectname)%00%(upstream:track)%00%(upstream:remotename)%00%(upstream:remoteref) refs/heads/main refs/remotes/main [1ms]
2025-05-17 13:48:56.927 [warning] [Git][revParse] Unable to read file: ENOENT: no such file or directory, open '/home/tyler/.config/.git/refs/remotes/origin/main'
2025-05-17 13:48:56.928 [info] > git rev-parse refs/remotes/origin/main [1ms]
2025-05-17 13:48:56.935 [info] > git status -z -uall [4ms]
2025-05-17 13:48:56.936 [info] > git for-each-ref --sort -committerdate --format %(refname)%00%(objectname)%00%(*objectname) [1ms]
2025-05-17 13:48:57.442 [info] > git rev-parse --show-toplevel [1ms]
2025-05-17 13:49:01.946 [info] > git config --get commit.template [4ms]
2025-05-17 13:49:01.947 [info] > git for-each-ref --format=%(refname)%00%(upstream:short)%00%(objectname)%00%(upstream:track)%00%(upstream:remotename)%00%(upstream:remoteref) refs/heads/main refs/remotes/main [1ms]
2025-05-17 13:49:01.950 [warning] [Git][revParse] Unable to read file: ENOENT: no such file or directory, open '/home/tyler/.config/.git/refs/remotes/origin/main'
2025-05-17 13:49:01.951 [info] > git rev-parse refs/remotes/origin/main [1ms]
2025-05-17 13:49:01.958 [info] > git status -z -uall [4ms]
2025-05-17 13:49:01.959 [info] > git for-each-ref --sort -committerdate --format %(refname)%00%(objectname)%00%(*objectname) [1ms]
2025-05-17 13:49:02.464 [info] > git rev-parse --show-toplevel [0ms]
2025-05-17 13:49:08.998 [info] > git config --get commit.template [4ms]
2025-05-17 13:49:08.998 [info] > git for-each-ref --format=%(refname)%00%(upstream:short)%00%(objectname)%00%(upstream:track)%00%(upstream:remotename)%00%(upstream:remoteref) refs/heads/main refs/remotes/main [1ms]
2025-05-17 13:49:09.002 [warning] [Git][revParse] Unable to read file: ENOENT: no such file or directory, open '/home/tyler/.config/.git/refs/remotes/origin/main'
2025-05-17 13:49:09.002 [info] > git rev-parse refs/remotes/origin/main [0ms]
2025-05-17 13:49:09.009 [info] > git status -z -uall [4ms]
2025-05-17 13:49:09.010 [info] > git for-each-ref --sort -committerdate --format %(refname)%00%(objectname)%00%(*objectname) [1ms]
2025-05-17 13:49:09.517 [info] > git rev-parse --show-toplevel [1ms]
2025-05-17 13:49:21.079 [info] > git config --get commit.template [4ms]
2025-05-17 13:49:21.079 [info] > git for-each-ref --format=%(refname)%00%(upstream:short)%00%(objectname)%00%(upstream:track)%00%(upstream:remotename)%00%(upstream:remoteref) refs/heads/main refs/remotes/main [1ms]
2025-05-17 13:49:21.083 [warning] [Git][revParse] Unable to read file: ENOENT: no such file or directory, open '/home/tyler/.config/.git/refs/remotes/origin/main'
2025-05-17 13:49:21.083 [info] > git rev-parse refs/remotes/origin/main [0ms]
2025-05-17 13:49:21.090 [info] > git status -z -uall [4ms]
2025-05-17 13:49:21.091 [info] > git for-each-ref --sort -committerdate --format %(refname)%00%(objectname)%00%(*objectname) [1ms]
2025-05-17 13:49:21.597 [info] > git rev-parse --show-toplevel [1ms]
2025-05-17 13:49:26.100 [info] > git config --get commit.template [4ms]
2025-05-17 13:49:26.100 [info] > git for-each-ref --format=%(refname)%00%(upstream:short)%00%(objectname)%00%(upstream:track)%00%(upstream:remotename)%00%(upstream:remoteref) refs/heads/main refs/remotes/main [1ms]
2025-05-17 13:49:26.104 [warning] [Git][revParse] Unable to read file: ENOENT: no such file or directory, open '/home/tyler/.config/.git/refs/remotes/origin/main'
2025-05-17 13:49:26.104 [info] > git rev-parse refs/remotes/origin/main [0ms]
2025-05-17 13:49:26.111 [info] > git status -z -uall [4ms]
2025-05-17 13:49:26.112 [info] > git for-each-ref --sort -committerdate --format %(refname)%00%(objectname)%00%(*objectname) [1ms]
2025-05-17 13:49:26.617 [info] > git rev-parse --show-toplevel [0ms]
2025-05-17 13:49:31.121 [info] > git config --get commit.template [4ms]
2025-05-17 13:49:31.122 [info] > git for-each-ref --format=%(refname)%00%(upstream:short)%00%(objectname)%00%(upstream:track)%00%(upstream:remotename)%00%(upstream:remoteref) refs/heads/main refs/remotes/main [1ms]
2025-05-17 13:49:31.127 [warning] [Git][revParse] Unable to read file: ENOENT: no such file or directory, open '/home/tyler/.config/.git/refs/remotes/origin/main'
2025-05-17 13:49:31.128 [info] > git rev-parse refs/remotes/origin/main [1ms]
2025-05-17 13:49:31.135 [info] > git status -z -uall [4ms]
2025-05-17 13:49:31.135 [info] > git for-each-ref --sort -committerdate --format %(refname)%00%(objectname)%00%(*objectname) [1ms]
2025-05-17 13:49:31.642 [info] > git rev-parse --show-toplevel [1ms]
2025-05-17 13:49:38.159 [info] > git config --get commit.template [4ms]
2025-05-17 13:49:38.160 [info] > git for-each-ref --format=%(refname)%00%(upstream:short)%00%(objectname)%00%(upstream:track)%00%(upstream:remotename)%00%(upstream:remoteref) refs/heads/main refs/remotes/main [1ms]
2025-05-17 13:49:38.163 [warning] [Git][revParse] Unable to read file: ENOENT: no such file or directory, open '/home/tyler/.config/.git/refs/remotes/origin/main'
2025-05-17 13:49:38.164 [info] > git rev-parse refs/remotes/origin/main [1ms]
2025-05-17 13:49:38.170 [info] > git status -z -uall [3ms]
2025-05-17 13:49:38.171 [info] > git for-each-ref --sort -committerdate --format %(refname)%00%(objectname)%00%(*objectname) [1ms]
2025-05-17 13:49:38.676 [info] > git rev-parse --show-toplevel [0ms]
2025-05-17 13:49:46.453 [info] > git config --get commit.template [4ms]
2025-05-17 13:49:46.454 [info] > git for-each-ref --format=%(refname)%00%(upstream:short)%00%(objectname)%00%(upstream:track)%00%(upstream:remotename)%00%(upstream:remoteref) refs/heads/main refs/remotes/main [1ms]
2025-05-17 13:49:46.457 [warning] [Git][revParse] Unable to read file: ENOENT: no such file or directory, open '/home/tyler/.config/.git/refs/remotes/origin/main'
2025-05-17 13:49:46.457 [info] > git rev-parse refs/remotes/origin/main [0ms]
2025-05-17 13:49:46.465 [info] > git status -z -uall [5ms]
2025-05-17 13:49:46.466 [info] > git for-each-ref --sort -committerdate --format %(refname)%00%(objectname)%00%(*objectname) [2ms]
2025-05-17 13:49:46.971 [info] > git rev-parse --show-toplevel [1ms]
2025-05-17 13:49:53.452 [info] > git config --get commit.template [4ms]
2025-05-17 13:49:53.453 [info] > git for-each-ref --format=%(refname)%00%(upstream:short)%00%(objectname)%00%(upstream:track)%00%(upstream:remotename)%00%(upstream:remoteref) refs/heads/main refs/remotes/main [1ms]
2025-05-17 13:49:53.456 [warning] [Git][revParse] Unable to read file: ENOENT: no such file or directory, open '/home/tyler/.config/.git/refs/remotes/origin/main'
2025-05-17 13:49:53.457 [info] > git rev-parse refs/remotes/origin/main [1ms]
2025-05-17 13:49:53.464 [info] > git status -z -uall [4ms]
2025-05-17 13:49:53.464 [info] > git for-each-ref --sort -committerdate --format %(refname)%00%(objectname)%00%(*objectname) [1ms]
2025-05-17 13:49:53.971 [info] > git rev-parse --show-toplevel [1ms]
2025-05-17 13:49:58.475 [info] > git config --get commit.template [3ms]
2025-05-17 13:49:58.475 [info] > git for-each-ref --format=%(refname)%00%(upstream:short)%00%(objectname)%00%(upstream:track)%00%(upstream:remotename)%00%(upstream:remoteref) refs/heads/main refs/remotes/main [1ms]
2025-05-17 13:49:58.478 [warning] [Git][revParse] Unable to read file: ENOENT: no such file or directory, open '/home/tyler/.config/.git/refs/remotes/origin/main'
2025-05-17 13:49:58.479 [info] > git rev-parse refs/remotes/origin/main [1ms]
2025-05-17 13:49:58.486 [info] > git status -z -uall [4ms]
2025-05-17 13:49:58.486 [info] > git for-each-ref --sort -committerdate --format %(refname)%00%(objectname)%00%(*objectname) [1ms]
2025-05-17 13:49:58.993 [info] > git rev-parse --show-toplevel [1ms]
2025-05-17 13:50:03.496 [info] > git config --get commit.template [3ms]
2025-05-17 13:50:03.497 [info] > git for-each-ref --format=%(refname)%00%(upstream:short)%00%(objectname)%00%(upstream:track)%00%(upstream:remotename)%00%(upstream:remoteref) refs/heads/main refs/remotes/main [1ms]
2025-05-17 13:50:03.500 [warning] [Git][revParse] Unable to read file: ENOENT: no such file or directory, open '/home/tyler/.config/.git/refs/remotes/origin/main'
2025-05-17 13:50:03.501 [info] > git rev-parse refs/remotes/origin/main [1ms]
2025-05-17 13:50:03.507 [info] > git status -z -uall [3ms]
2025-05-17 13:50:03.508 [info] > git for-each-ref --sort -committerdate --format %(refname)%00%(objectname)%00%(*objectname) [1ms]
2025-05-17 13:50:04.014 [info] > git rev-parse --show-toplevel [1ms]
2025-05-17 13:50:08.519 [info] > git config --get commit.template [3ms]
2025-05-17 13:50:08.519 [info] > git for-each-ref --format=%(refname)%00%(upstream:short)%00%(objectname)%00%(upstream:track)%00%(upstream:remotename)%00%(upstream:remoteref) refs/heads/main refs/remotes/main [1ms]
2025-05-17 13:50:08.522 [warning] [Git][revParse] Unable to read file: ENOENT: no such file or directory, open '/home/tyler/.config/.git/refs/remotes/origin/main'
2025-05-17 13:50:08.523 [info] > git rev-parse refs/remotes/origin/main [1ms]
2025-05-17 13:50:08.530 [info] > git status -z -uall [3ms]
2025-05-17 13:50:08.531 [info] > git for-each-ref --sort -committerdate --format %(refname)%00%(objectname)%00%(*objectname) [1ms]
2025-05-17 13:50:09.037 [info] > git rev-parse --show-toplevel [1ms]
2025-05-17 13:50:16.350 [info] > git config --get commit.template [4ms]
2025-05-17 13:50:16.351 [info] > git for-each-ref --format=%(refname)%00%(upstream:short)%00%(objectname)%00%(upstream:track)%00%(upstream:remotename)%00%(upstream:remoteref) refs/heads/main refs/remotes/main [1ms]
2025-05-17 13:50:16.354 [warning] [Git][revParse] Unable to read file: ENOENT: no such file or directory, open '/home/tyler/.config/.git/refs/remotes/origin/main'
2025-05-17 13:50:16.355 [info] > git rev-parse refs/remotes/origin/main [1ms]
2025-05-17 13:50:16.362 [info] > git status -z -uall [4ms]
2025-05-17 13:50:16.363 [info] > git for-each-ref --sort -committerdate --format %(refname)%00%(objectname)%00%(*objectname) [1ms]
2025-05-17 13:50:16.870 [info] > git rev-parse --show-toplevel [1ms]
2025-05-17 13:50:23.063 [info] > git config --get commit.template [4ms]
2025-05-17 13:50:23.064 [info] > git for-each-ref --format=%(refname)%00%(upstream:short)%00%(objectname)%00%(upstream:track)%00%(upstream:remotename)%00%(upstream:remoteref) refs/heads/main refs/remotes/main [1ms]
2025-05-17 13:50:23.067 [warning] [Git][revParse] Unable to read file: ENOENT: no such file or directory, open '/home/tyler/.config/.git/refs/remotes/origin/main'
2025-05-17 13:50:23.068 [info] > git rev-parse refs/remotes/origin/main [1ms]
2025-05-17 13:50:23.075 [info] > git status -z -uall [4ms]
2025-05-17 13:50:23.076 [info] > git for-each-ref --sort -committerdate --format %(refname)%00%(objectname)%00%(*objectname) [1ms]
2025-05-17 13:50:23.582 [info] > git rev-parse --show-toplevel [1ms]
2025-05-17 13:50:32.458 [info] > git config --get commit.template [4ms]
2025-05-17 13:50:32.458 [info] > git for-each-ref --format=%(refname)%00%(upstream:short)%00%(objectname)%00%(upstream:track)%00%(upstream:remotename)%00%(upstream:remoteref) refs/heads/main refs/remotes/main [0ms]
2025-05-17 13:50:32.464 [warning] [Git][revParse] Unable to read file: ENOENT: no such file or directory, open '/home/tyler/.config/.git/refs/remotes/origin/main'
2025-05-17 13:50:32.465 [info] > git rev-parse refs/remotes/origin/main [1ms]
2025-05-17 13:50:32.472 [info] > git status -z -uall [4ms]
2025-05-17 13:50:32.473 [info] > git for-each-ref --sort -committerdate --format %(refname)%00%(objectname)%00%(*objectname) [1ms]
2025-05-17 13:50:32.979 [info] > git rev-parse --show-toplevel [0ms]
2025-05-17 13:50:37.483 [info] > git config --get commit.template [4ms]
2025-05-17 13:50:37.484 [info] > git for-each-ref --format=%(refname)%00%(upstream:short)%00%(objectname)%00%(upstream:track)%00%(upstream:remotename)%00%(upstream:remoteref) refs/heads/main refs/remotes/main [1ms]
2025-05-17 13:50:37.487 [warning] [Git][revParse] Unable to read file: ENOENT: no such file or directory, open '/home/tyler/.config/.git/refs/remotes/origin/main'
2025-05-17 13:50:37.488 [info] > git rev-parse refs/remotes/origin/main [1ms]
2025-05-17 13:50:37.495 [info] > git status -z -uall [4ms]
2025-05-17 13:50:37.496 [info] > git for-each-ref --sort -committerdate --format %(refname)%00%(objectname)%00%(*objectname) [1ms]
2025-05-17 13:50:38.002 [info] > git rev-parse --show-toplevel [1ms]
2025-05-17 13:50:42.508 [info] > git config --get commit.template [4ms]
2025-05-17 13:50:42.509 [info] > git for-each-ref --format=%(refname)%00%(upstream:short)%00%(objectname)%00%(upstream:track)%00%(upstream:remotename)%00%(upstream:remoteref) refs/heads/main refs/remotes/main [1ms]
2025-05-17 13:50:42.512 [warning] [Git][revParse] Unable to read file: ENOENT: no such file or directory, open '/home/tyler/.config/.git/refs/remotes/origin/main'
2025-05-17 13:50:42.513 [info] > git rev-parse refs/remotes/origin/main [1ms]
2025-05-17 13:50:42.519 [info] > git status -z -uall [3ms]
2025-05-17 13:50:42.520 [info] > git for-each-ref --sort -committerdate --format %(refname)%00%(objectname)%00%(*objectname) [1ms]
2025-05-17 13:50:43.026 [info] > git rev-parse --show-toplevel [1ms]
2025-05-17 13:50:52.951 [info] > git config --get commit.template [4ms]
2025-05-17 13:50:52.952 [info] > git for-each-ref --format=%(refname)%00%(upstream:short)%00%(objectname)%00%(upstream:track)%00%(upstream:remotename)%00%(upstream:remoteref) refs/heads/main refs/remotes/main [1ms]
2025-05-17 13:50:52.956 [warning] [Git][revParse] Unable to read file: ENOENT: no such file or directory, open '/home/tyler/.config/.git/refs/remotes/origin/main'
2025-05-17 13:50:52.957 [info] > git rev-parse refs/remotes/origin/main [1ms]
2025-05-17 13:50:52.964 [info] > git status -z -uall [4ms]
2025-05-17 13:50:52.965 [info] > git for-each-ref --sort -committerdate --format %(refname)%00%(objectname)%00%(*objectname) [1ms]
2025-05-17 13:50:53.470 [info] > git rev-parse --show-toplevel [1ms]
2025-05-17 13:50:54.614 [info] > git show --textconv :README.md [5ms]
2025-05-17 13:50:54.615 [info] > git ls-files --stage -- README.md [1ms]
2025-05-17 13:50:54.620 [info] > git cat-file -s eba1104769549f9c16a1f89be756992f989a1825 [1ms]
2025-05-17 13:53:04.884 [info] > git config --get commit.template [5ms]
2025-05-17 13:53:04.887 [info] > git ls-files --stage -- README.md [4ms]
2025-05-17 13:53:04.890 [info] > git for-each-ref --format=%(refname)%00%(upstream:short)%00%(objectname)%00%(upstream:track)%00%(upstream:remotename)%00%(upstream:remoteref) refs/heads/main refs/remotes/main [3ms]
2025-05-17 13:53:04.894 [warning] [Git][revParse] Unable to read file: ENOENT: no such file or directory, open '/home/tyler/.config/.git/refs/remotes/origin/main'
2025-05-17 13:53:04.894 [info] > git cat-file -s 43be502e3c34bc4e8527f5f482c743178161f8f6 [4ms]
2025-05-17 13:53:04.899 [info] > git rev-parse refs/remotes/origin/main [5ms]
2025-05-17 13:53:04.906 [info] > git show --textconv :README.md [7ms]
2025-05-17 13:53:04.906 [info] > git status -z -uall [4ms]
2025-05-17 13:53:04.907 [info] > git for-each-ref --sort -committerdate --format %(refname)%00%(objectname)%00%(*objectname) [1ms]
2025-05-17 13:53:05.226 [info] > git show --textconv HEAD:README.md [4ms]
2025-05-17 13:53:05.226 [info] > git ls-tree -l HEAD -- README.md [1ms]
2025-05-17 13:53:05.412 [info] > git rev-parse --show-toplevel [1ms]
2025-05-17 13:53:09.918 [info] > git config --get commit.template [4ms]
2025-05-17 13:53:09.919 [info] > git for-each-ref --format=%(refname)%00%(upstream:short)%00%(objectname)%00%(upstream:track)%00%(upstream:remotename)%00%(upstream:remoteref) refs/heads/main refs/remotes/main [1ms]
2025-05-17 13:53:09.924 [warning] [Git][revParse] Unable to read file: ENOENT: no such file or directory, open '/home/tyler/.config/.git/refs/remotes/origin/main'
2025-05-17 13:53:09.925 [info] > git rev-parse refs/remotes/origin/main [1ms]
2025-05-17 13:53:09.932 [info] > git status -z -uall [4ms]
2025-05-17 13:53:09.932 [info] > git for-each-ref --sort -committerdate --format %(refname)%00%(objectname)%00%(*objectname) [1ms]
2025-05-17 13:53:10.387 [info] > git show --textconv :.gitmodules [3ms]
2025-05-17 13:53:10.388 [info] > git ls-files --stage -- .gitmodules [1ms]
2025-05-17 13:53:10.392 [info] > git cat-file -s c9bf89f8478fa8fa3d6fdf70e7df1f6170ffba8e [1ms]
2025-05-17 13:53:10.438 [info] > git rev-parse --show-toplevel [1ms]
2025-05-17 13:53:11.003 [info] > git show --textconv :.gitignore [4ms]
2025-05-17 13:53:11.004 [info] > git ls-files --stage -- .gitignore [1ms]
2025-05-17 13:53:11.009 [info] > git cat-file -s 04d5dbd47b7b52d29ee7a4304d634403c34b53a0 [1ms]
2025-05-17 13:53:11.327 [info] > git blame --root --incremental ab00f99b4b54f595e009ec8a9389e952741e7e3d -- .gitignore [1ms]
2025-05-17 13:53:14.943 [info] > git config --get commit.template [4ms]
2025-05-17 13:53:14.943 [info] > git for-each-ref --format=%(refname)%00%(upstream:short)%00%(objectname)%00%(upstream:track)%00%(upstream:remotename)%00%(upstream:remoteref) refs/heads/main refs/remotes/main [1ms]
2025-05-17 13:53:14.947 [warning] [Git][revParse] Unable to read file: ENOENT: no such file or directory, open '/home/tyler/.config/.git/refs/remotes/origin/main'
2025-05-17 13:53:14.947 [info] > git rev-parse refs/remotes/origin/main [0ms]
2025-05-17 13:53:14.956 [info] > git status -z -uall [5ms]
2025-05-17 13:53:14.956 [info] > git for-each-ref --sort -committerdate --format %(refname)%00%(objectname)%00%(*objectname) [1ms]
2025-05-17 13:53:15.462 [info] > git rev-parse --show-toplevel [1ms]
2025-05-17 13:53:19.965 [info] > git config --get commit.template [4ms]
2025-05-17 13:53:19.966 [info] > git for-each-ref --format=%(refname)%00%(upstream:short)%00%(objectname)%00%(upstream:track)%00%(upstream:remotename)%00%(upstream:remoteref) refs/heads/main refs/remotes/main [1ms]
2025-05-17 13:53:19.969 [warning] [Git][revParse] Unable to read file: ENOENT: no such file or directory, open '/home/tyler/.config/.git/refs/remotes/origin/main'
2025-05-17 13:53:19.970 [info] > git rev-parse refs/remotes/origin/main [1ms]
2025-05-17 13:53:19.977 [info] > git status -z -uall [4ms]
2025-05-17 13:53:19.977 [info] > git for-each-ref --sort -committerdate --format %(refname)%00%(objectname)%00%(*objectname) [1ms]
2025-05-17 13:53:20.483 [info] > git rev-parse --show-toplevel [1ms]
2025-05-17 13:53:25.363 [info] > git config --get commit.template [4ms]
2025-05-17 13:53:25.363 [info] > git for-each-ref --format=%(refname)%00%(upstream:short)%00%(objectname)%00%(upstream:track)%00%(upstream:remotename)%00%(upstream:remoteref) refs/heads/main refs/remotes/main [1ms]
2025-05-17 13:53:25.367 [warning] [Git][revParse] Unable to read file: ENOENT: no such file or directory, open '/home/tyler/.config/.git/refs/remotes/origin/main'
2025-05-17 13:53:25.367 [info] > git rev-parse refs/remotes/origin/main [1ms]
2025-05-17 13:53:25.375 [info] > git status -z -uall [4ms]
2025-05-17 13:53:25.375 [info] > git for-each-ref --sort -committerdate --format %(refname)%00%(objectname)%00%(*objectname) [1ms]
2025-05-17 13:53:25.881 [info] > git rev-parse --show-toplevel [1ms]
2025-05-17 13:53:26.566 [info] > git check-ignore -v -z --stdin [1ms]
2025-05-17 13:53:39.372 [info] > git config --get commit.template [5ms]
2025-05-17 13:53:39.373 [info] > git for-each-ref --format=%(refname)%00%(upstream:short)%00%(objectname)%00%(upstream:track)%00%(upstream:remotename)%00%(upstream:remoteref) refs/heads/main refs/remotes/main [1ms]
2025-05-17 13:53:39.377 [warning] [Git][revParse] Unable to read file: ENOENT: no such file or directory, open '/home/tyler/.config/.git/refs/remotes/origin/main'
2025-05-17 13:53:39.377 [info] > git rev-parse refs/remotes/origin/main [0ms]
2025-05-17 13:53:39.386 [info] > git status -z -uall [5ms]
2025-05-17 13:53:39.387 [info] > git for-each-ref --sort -committerdate --format %(refname)%00%(objectname)%00%(*objectname) [2ms]
2025-05-17 13:53:39.892 [info] > git rev-parse --show-toplevel [1ms]
2025-05-17 13:53:49.915 [info] > git config --get commit.template [3ms]
2025-05-17 13:53:49.916 [info] > git for-each-ref --format=%(refname)%00%(upstream:short)%00%(objectname)%00%(upstream:track)%00%(upstream:remotename)%00%(upstream:remoteref) refs/heads/main refs/remotes/main [1ms]
2025-05-17 13:53:49.919 [warning] [Git][revParse] Unable to read file: ENOENT: no such file or directory, open '/home/tyler/.config/.git/refs/remotes/origin/main'
2025-05-17 13:53:49.920 [info] > git rev-parse refs/remotes/origin/main [1ms]
2025-05-17 13:53:49.928 [info] > git status -z -uall [5ms]
2025-05-17 13:53:49.929 [info] > git for-each-ref --sort -committerdate --format %(refname)%00%(objectname)%00%(*objectname) [1ms]
2025-05-17 13:53:50.435 [info] > git rev-parse --show-toplevel [1ms]
2025-05-17 13:53:50.773 [info] > git check-ignore -v -z --stdin [1ms]
