2025-05-17 13:46:37.415 [info] Reading sessions from keychain...
2025-05-17 13:46:37.415 [info] Getting sessions for all scopes...
2025-05-17 13:46:37.415 [info] Getting sessions for all scopes...
2025-05-17 13:46:37.415 [info] Getting sessions for all scopes...
2025-05-17 13:46:37.415 [info] Getting sessions for all scopes...
2025-05-17 13:46:37.415 [info] Getting sessions for all scopes...
2025-05-17 13:46:37.415 [info] Getting sessions for all scopes...
2025-05-17 13:46:37.415 [info] Getting sessions for all scopes...
2025-05-17 13:46:37.415 [info] Getting sessions for all scopes...
2025-05-17 13:46:37.448 [info] Getting sessions for all scopes...
2025-05-17 13:46:37.448 [info] Got 0 sessions for ...
2025-05-17 13:46:37.448 [info] Got 0 sessions for ...
2025-05-17 13:46:37.448 [info] Got 0 sessions for ...
2025-05-17 13:46:37.448 [info] Got 0 sessions for ...
2025-05-17 13:46:37.448 [info] Got 0 sessions for ...
2025-05-17 13:46:37.448 [info] Got 0 sessions for ...
2025-05-17 13:46:37.448 [info] Got 0 sessions for ...
2025-05-17 13:46:37.448 [info] Got 0 sessions for ...
2025-05-17 13:46:37.448 [info] Got 0 sessions for ...
2025-05-17 13:46:37.467 [info] Getting sessions for all scopes...
2025-05-17 13:46:37.467 [info] Got 0 sessions for ...
2025-05-17 13:46:37.468 [info] Getting sessions for all scopes...
2025-05-17 13:46:37.468 [info] Got 0 sessions for ...
2025-05-17 13:46:37.468 [info] Getting sessions for all scopes...
2025-05-17 13:46:37.468 [info] Got 0 sessions for ...
2025-05-17 13:46:37.468 [info] Getting sessions for all scopes...
2025-05-17 13:46:37.468 [info] Got 0 sessions for ...
2025-05-17 13:46:37.468 [info] Getting sessions for all scopes...
2025-05-17 13:46:37.468 [info] Got 0 sessions for ...
2025-05-17 13:46:37.468 [info] Getting sessions for all scopes...
2025-05-17 13:46:37.468 [info] Got 0 sessions for ...
2025-05-17 13:46:39.510 [info] Getting sessions for all scopes...
2025-05-17 13:46:39.510 [info] Got 0 sessions for ...
2025-05-17 13:46:40.375 [info] Getting sessions for read:user,repo,user:email,workflow...
2025-05-17 13:46:40.375 [info] Got 0 sessions for read:user,repo,user:email,workflow...
